\BOOKMARK [0][-]{chapter.1}{Introduction}{}% 1
\BOOKMARK [1][-]{section.1.1}{Large\040scale\040structure\040in\040cosmology?}{chapter.1}% 2
\BOOKMARK [1][-]{section.1.2}{Mg\040II\040absorbers\040along\040QSO\040sightlines}{chapter.1}% 3
\BOOKMARK [0][-]{chapter.2}{Absorber\040catalogue}{}% 4
\BOOKMARK [1][-]{section.2.1}{Observed\040distribution}{chapter.2}% 5
\BOOKMARK [1][-]{section.2.2}{Empirical\040fits\040to\040observed\040distribution}{chapter.2}% 6
\BOOKMARK [0][-]{chapter.3}{Cosmological\040perturbation\040theory}{}% 7
\BOOKMARK [1][-]{section.3.1}{Introduction}{chapter.3}% 8
\BOOKMARK [1][-]{section.3.2}{Perturbation\040theory\040in\040the\040Newtonian\040Limit}{chapter.3}% 9
\BOOKMARK [2][-]{subsection.3.2.1}{The\040Newtonian\040Lagrangian}{section.3.2}% 10
\BOOKMARK [2][-]{subsection.3.2.2}{The\040field\040equation}{section.3.2}% 11
\BOOKMARK [2][-]{subsection.3.2.3}{In\040a\040matter\040dominated\040universe}{section.3.2}% 12
\BOOKMARK [2][-]{subsection.3.2.4}{The\040fluid\040equations}{section.3.2}% 13
\BOOKMARK [1][-]{section.3.3}{Linear\040perturbation\040theory:\040The\040Meszaros\040equation}{chapter.3}% 14
\BOOKMARK [2][-]{subsection.3.3.1}{Solutions\040to\040the\040Meszaros\040equation}{section.3.3}% 15
\BOOKMARK [2][-]{subsection.3.3.2}{The\040peculiar\040velocity}{section.3.3}% 16
\BOOKMARK [1][-]{section.3.4}{Non-linear\040perturbations:\040Spherical\040collapse}{chapter.3}% 17
\BOOKMARK [2][-]{subsection.3.4.1}{Flat\040background\040universe}{section.3.4}% 18
\BOOKMARK [2][-]{subsection.3.4.2}{Virialisation}{section.3.4}% 19
\BOOKMARK [1][-]{section.3.5}{Halo\040mass\040function}{chapter.3}% 20
\BOOKMARK [2][-]{subsection.3.5.1}{Press-Schechter\040Formalism}{section.3.5}% 21
\BOOKMARK [2][-]{subsection.3.5.2}{Beyond\040Press-Schechter}{section.3.5}% 22
\BOOKMARK [0][-]{chapter.4}{Modelling\040the\040absorber\040distribution}{}% 23
\BOOKMARK [1][-]{section.4.1}{Dark\040matter\040halo\040profile}{chapter.4}% 24
\BOOKMARK [1][-]{section.4.2}{Absorber\040distribution\040model}{chapter.4}% 25
\BOOKMARK [2][-]{subsection.4.2.1}{Model\040description}{section.4.2}% 26
\BOOKMARK [2][-]{subsection.4.2.2}{Probability\040of\040absorption}{section.4.2}% 27
\BOOKMARK [2][-]{subsection.4.2.3}{Frequency\040distribution\040function}{section.4.2}% 28
\BOOKMARK [0][-]{chapter.5}{Conclusions}{}% 29
